<?xml version="1.0" encoding="UTF-8"?>
<!-- Generated by org.testng.reporters.JUnitXMLReporter -->
<testsuite ignored="20" hostname="DESKTOP-MEO8RC5" failures="0" tests="1" name="Default test" time="6.709" errors="0" timestamp="2022-09-02T15:12:07 IST">
  <testcase classname="com.impactp2p.testcases.SanityPageTest" name="@BeforeMethod startTest" time="6.452">
    <failure type="org.openqa.selenium.SessionNotCreatedException" message="session not created: This version of ChromeDriver only supports Chrome version 98
Current browser version is 104.0.5112.102 with binary path C:\Program Files\Google\Chrome\Application\chrome.exe
Build info: version: &amp;apos;4.0.0-alpha-1&amp;apos;, revision: &amp;apos;d1d3728cae&amp;apos;, time: &amp;apos;2019-04-24T13:42:21&amp;apos;
System info: host: &amp;apos;DESKTOP-MEO8RC5&amp;apos;, ip: &amp;apos;192.168.101.20&amp;apos;, os.name: &amp;apos;Windows 10&amp;apos;, os.arch: &amp;apos;amd64&amp;apos;, os.version: &amp;apos;10.0&amp;apos;, java.version: &amp;apos;16.0.1&amp;apos;
Driver info: driver.version: ChromeDriver
remote stacktrace: Backtrace:
	Ordinal0 [0x00407AC3+2587331]
	Ordinal0 [0x0039ADD1+2141649]
	Ordinal0 [0x00293BB8+1063864]
	Ordinal0 [0x002B3638+1193528]
	Ordinal0 [0x002AF4B5+1176757]
	Ordinal0 [0x002ACC51+1166417]
	Ordinal0 [0x002DD12F+1364271]
	Ordinal0 [0x002DCD5A+1363290]
	Ordinal0 [0x002D84A6+1344678]
	Ordinal0 [0x002B53F6+1201142]
	Ordinal0 [0x002B62E6+1204966]
	GetHandleVerifier [0x005ADF22+1680738]
	GetHandleVerifier [0x00660DBC+2413564]
	GetHandleVerifier [0x0049D151+563089]
	GetHandleVerifier [0x0049BF13+558419]
	Ordinal0 [0x003A081E+2164766]
	Ordinal0 [0x003A5508+2184456]
	Ordinal0 [0x003A5650+2184784]
	Ordinal0 [0x003AF5BC+2225596]
	BaseThreadInitThunk [0x75C76739+25]
	RtlGetFullPathName_UEx [0x76EE90AF+1215]
	RtlGetFullPathName_UEx [0x76EE907D+1165]
">
      <![CDATA[org.openqa.selenium.SessionNotCreatedException: session not created: This version of ChromeDriver only supports Chrome version 98
Current browser version is 104.0.5112.102 with binary path C:\Program Files\Google\Chrome\Application\chrome.exe
Build info: version: '4.0.0-alpha-1', revision: 'd1d3728cae', time: '2019-04-24T13:42:21'
System info: host: 'DESKTOP-MEO8RC5', ip: '192.168.101.20', os.name: 'Windows 10', os.arch: 'amd64', os.version: '10.0', java.version: '16.0.1'
Driver info: driver.version: ChromeDriver
remote stacktrace: Backtrace:
Ordinal0 [0x00407AC3+2587331]
Ordinal0 [0x0039ADD1+2141649]
Ordinal0 [0x00293BB8+1063864]
Ordinal0 [0x002B3638+1193528]
Ordinal0 [0x002AF4B5+1176757]
Ordinal0 [0x002ACC51+1166417]
Ordinal0 [0x002DD12F+1364271]
Ordinal0 [0x002DCD5A+1363290]
Ordinal0 [0x002D84A6+1344678]
Ordinal0 [0x002B53F6+1201142]
Ordinal0 [0x002B62E6+1204966]
GetHandleVerifier [0x005ADF22+1680738]
GetHandleVerifier [0x00660DBC+2413564]
GetHandleVerifier [0x0049D151+563089]
GetHandleVerifier [0x0049BF13+558419]
Ordinal0 [0x003A081E+2164766]
Ordinal0 [0x003A5508+2184456]
Ordinal0 [0x003A5650+2184784]
Ordinal0 [0x003AF5BC+2225596]
BaseThreadInitThunk [0x75C76739+25]
RtlGetFullPathName_UEx [0x76EE90AF+1215]
RtlGetFullPathName_UEx [0x76EE907D+1165]

at java.base/jdk.internal.reflect.NativeConstructorAccessorImpl.newInstance0(Native Method)
at java.base/jdk.internal.reflect.NativeConstructorAccessorImpl.newInstance(NativeConstructorAccessorImpl.java:78)
at java.base/jdk.internal.reflect.DelegatingConstructorAccessorImpl.newInstance(DelegatingConstructorAccessorImpl.java:45)
at java.base/java.lang.reflect.Constructor.newInstanceWithCaller(Constructor.java:499)
at java.base/java.lang.reflect.Constructor.newInstance(Constructor.java:480)
at org.openqa.selenium.remote.W3CHandshakeResponse.lambda$errorHandler$0(W3CHandshakeResponse.java:62)
at org.openqa.selenium.remote.HandshakeResponse.lambda$getResponseFunction$0(HandshakeResponse.java:30)
at org.openqa.selenium.remote.ProtocolHandshake.lambda$createSession$0(ProtocolHandshake.java:126)
at java.base/java.util.stream.ReferencePipeline$3$1.accept(ReferencePipeline.java:197)
at java.base/java.util.Spliterators$ArraySpliterator.tryAdvance(Spliterators.java:958)
at java.base/java.util.stream.ReferencePipeline.forEachWithCancel(ReferencePipeline.java:129)
at java.base/java.util.stream.AbstractPipeline.copyIntoWithCancel(AbstractPipeline.java:502)
at java.base/java.util.stream.AbstractPipeline.copyInto(AbstractPipeline.java:488)
at java.base/java.util.stream.AbstractPipeline.wrapAndCopyInto(AbstractPipeline.java:474)
at java.base/java.util.stream.FindOps$FindOp.evaluateSequential(FindOps.java:150)
at java.base/java.util.stream.AbstractPipeline.evaluate(AbstractPipeline.java:234)
at java.base/java.util.stream.ReferencePipeline.findFirst(ReferencePipeline.java:647)
at org.openqa.selenium.remote.ProtocolHandshake.createSession(ProtocolHandshake.java:128)
at org.openqa.selenium.remote.ProtocolHandshake.createSession(ProtocolHandshake.java:74)
at org.openqa.selenium.remote.HttpCommandExecutor.execute(HttpCommandExecutor.java:139)
at org.openqa.selenium.remote.service.DriverCommandExecutor.execute(DriverCommandExecutor.java:83)
at org.openqa.selenium.remote.RemoteWebDriver.execute(RemoteWebDriver.java:577)
at org.openqa.selenium.remote.RemoteWebDriver.startSession(RemoteWebDriver.java:211)
at org.openqa.selenium.remote.RemoteWebDriver.<init>(RemoteWebDriver.java:131)
at org.openqa.selenium.chrome.ChromeDriver.<init>(ChromeDriver.java:189)
at org.openqa.selenium.chrome.ChromeDriver.<init>(ChromeDriver.java:176)
at org.openqa.selenium.chrome.ChromeDriver.<init>(ChromeDriver.java:165)
at com.impactp2p.base.TestBase.initialization(TestBase.java:64)
at com.impactp2p.testcases.SanityPageTest.startTest(SanityPageTest.java:30)
at java.base/jdk.internal.reflect.NativeMethodAccessorImpl.invoke0(Native Method)
at java.base/jdk.internal.reflect.NativeMethodAccessorImpl.invoke(NativeMethodAccessorImpl.java:78)
at java.base/jdk.internal.reflect.DelegatingMethodAccessorImpl.invoke(DelegatingMethodAccessorImpl.java:43)
at java.base/java.lang.reflect.Method.invoke(Method.java:567)
at org.testng.internal.MethodInvocationHelper.invokeMethod(MethodInvocationHelper.java:133)
at org.testng.internal.MethodInvocationHelper.invokeMethodConsideringTimeout(MethodInvocationHelper.java:62)
at org.testng.internal.ConfigInvoker.invokeConfigurationMethod(ConfigInvoker.java:385)
at org.testng.internal.ConfigInvoker.invokeConfigurations(ConfigInvoker.java:321)
at org.testng.internal.TestInvoker.runConfigMethods(TestInvoker.java:700)
at org.testng.internal.TestInvoker.invokeMethod(TestInvoker.java:527)
at org.testng.internal.TestInvoker.invokeTestMethod(TestInvoker.java:173)
at org.testng.internal.MethodRunner.runInSequence(MethodRunner.java:46)
at org.testng.internal.TestInvoker$MethodInvocationAgent.invoke(TestInvoker.java:824)
at org.testng.internal.TestInvoker.invokeTestMethods(TestInvoker.java:146)
at org.testng.internal.TestMethodWorker.invokeTestMethods(TestMethodWorker.java:146)
at org.testng.internal.TestMethodWorker.run(TestMethodWorker.java:128)
at java.base/java.util.ArrayList.forEach(ArrayList.java:1511)
at org.testng.TestRunner.privateRun(TestRunner.java:794)
at org.testng.TestRunner.run(TestRunner.java:596)
at org.testng.SuiteRunner.runTest(SuiteRunner.java:377)
at org.testng.SuiteRunner.runSequentially(SuiteRunner.java:371)
at org.testng.SuiteRunner.privateRun(SuiteRunner.java:332)
at org.testng.SuiteRunner.run(SuiteRunner.java:276)
at org.testng.SuiteRunnerWorker.runSuite(SuiteRunnerWorker.java:53)
at org.testng.SuiteRunnerWorker.run(SuiteRunnerWorker.java:96)
at org.testng.TestNG.runSuitesSequentially(TestNG.java:1212)
at org.testng.TestNG.runSuitesLocally(TestNG.java:1134)
at org.testng.TestNG.runSuites(TestNG.java:1063)
at org.testng.TestNG.run(TestNG.java:1031)
at org.testng.remote.AbstractRemoteTestNG.run(AbstractRemoteTestNG.java:115)
at org.testng.remote.RemoteTestNG.initAndRun(RemoteTestNG.java:251)
at org.testng.remote.RemoteTestNG.main(RemoteTestNG.java:77)
]]>
    </failure>
  </testcase> <!-- @BeforeMethod startTest -->
  <testcase classname="com.impactp2p.testcases.SanityPageTest" name="@AfterMethod getStatus" time="-1.662111727936E9">
    <skipped/>
  </testcase> <!-- @AfterMethod getStatus -->
  <testcase classname="com.impactp2p.testcases.SanityPageTest" name="@AfterTest endTest" time="-1.662111727944E9">
    <skipped/>
  </testcase> <!-- @AfterTest endTest -->
  <testcase classname="com.impactp2p.testcases.SanityPageTest" name="SignupIndividualLender" time="0.0">
    <skipped/>
  </testcase> <!-- SignupIndividualLender -->
  <testcase classname="com.impactp2p.testcases.SanityPageTest" name="LoanDetailsCommisionRecords" time="0.0">
    <ignored/>
  </testcase> <!-- LoanDetailsCommisionRecords -->
  <testcase classname="com.impactp2p.testcases.SanityPageTest" name="LenderLoginAddFunds" time="0.0">
    <ignored/>
  </testcase> <!-- LenderLoginAddFunds -->
  <testcase classname="com.impactp2p.testcases.SanityPageTest" name="LenderLoginDownloads" time="0.0">
    <ignored/>
  </testcase> <!-- LenderLoginDownloads -->
  <testcase classname="com.impactp2p.testcases.SanityPageTest" name="OnBehalfLenderLoginInWFAddFunds" time="0.0">
    <ignored/>
  </testcase> <!-- OnBehalfLenderLoginInWFAddFunds -->
  <testcase classname="com.impactp2p.testcases.SanityPageTest" name="SalesBorrowerLogin" time="0.0">
    <ignored/>
  </testcase> <!-- SalesBorrowerLogin -->
  <testcase classname="com.impactp2p.testcases.SanityPageTest" name="BankDetails" time="0.0">
    <ignored/>
  </testcase> <!-- BankDetails -->
  <testcase classname="com.impactp2p.testcases.SanityPageTest" name="StartInvestment" time="0.0">
    <ignored/>
  </testcase> <!-- StartInvestment -->
  <testcase classname="com.impactp2p.testcases.SanityPageTest" name="AddLender" time="0.0">
    <ignored/>
  </testcase> <!-- AddLender -->
  <testcase classname="com.impactp2p.testcases.SanityPageTest" name="AddMoneyToWallet" time="0.0">
    <ignored/>
  </testcase> <!-- AddMoneyToWallet -->
  <testcase classname="com.impactp2p.testcases.SanityPageTest" name="SigninWithValidCredentials" time="0.0">
    <ignored/>
  </testcase> <!-- SigninWithValidCredentials -->
  <testcase classname="com.impactp2p.testcases.SanityPageTest" name="InvestNow" time="0.0">
    <ignored/>
  </testcase> <!-- InvestNow -->
  <testcase classname="com.impactp2p.testcases.SanityPageTest" name="OnBehalfLenderLogin" time="0.0">
    <ignored/>
  </testcase> <!-- OnBehalfLenderLogin -->
  <testcase classname="com.impactp2p.testcases.SanityPageTest" name="LenderLoginStartInvesting" time="0.0">
    <ignored/>
  </testcase> <!-- LenderLoginStartInvesting -->
  <testcase classname="com.impactp2p.testcases.SanityPageTest" name="BorrowerMyLoansBackFail" time="0.0">
    <ignored/>
  </testcase> <!-- BorrowerMyLoansBackFail -->
  <testcase classname="com.impactp2p.testcases.SanityPageTest" name="BorrowerMyProfileFail" time="0.0">
    <ignored/>
  </testcase> <!-- BorrowerMyProfileFail -->
  <testcase classname="com.impactp2p.testcases.SanityPageTest" name="MinimumHoldingPeriod" time="0.0">
    <ignored/>
  </testcase> <!-- MinimumHoldingPeriod -->
  <testcase classname="com.impactp2p.testcases.SanityPageTest" name="DownloadsCommisionOverview" time="0.0">
    <ignored/>
  </testcase> <!-- DownloadsCommisionOverview -->
  <testcase classname="com.impactp2p.testcases.SanityPageTest" name="OnBehalfWalletRecharge" time="0.0">
    <ignored/>
  </testcase> <!-- OnBehalfWalletRecharge -->
  <testcase classname="com.impactp2p.testcases.SanityPageTest" name="DownLoadsAndEsign" time="0.0">
    <ignored/>
  </testcase> <!-- DownLoadsAndEsign -->
  <testcase classname="com.impactp2p.testcases.SanityPageTest" name="FpwmMyprofileFail" time="0.0">
    <ignored/>
  </testcase> <!-- FpwmMyprofileFail -->
</testsuite> <!-- Default test -->
